{
    "critiques": {
        "680": {
            "rubric_items": {
                "5510": {
                    "result": "failed",
                    "observation": "Not all of the tests passed.\n\n```\n************************************************************************\n                         Test Failure Feedback                          \n************************************************************************\n\nFailed Test: 2. Test functionality of MinimaxPlayer.minimax()\n----------------------------------------------------------------------\nAssertionError: False is not true : Your MinimaxAgent.minimax function did not visit every node in the game tree as player 1.  First check for off-by-one errors in your handling of the depth limiting. Then, especially if the number of nodes explored by your agent is too low, check everywhere you call to game.get_legal_moves() to make sure you are getting the legal moves for the appropriate player at each level of the game tree.  Finally, you may be using non-standard search optimizations that are not supported by the test cases.  The range of expansions accepted will vary slightly within the range indicated based on your termination condition.\n\nExpected number of visited nodes -- min: 12 max: 12\nNumber of nodes your agent explored: 13\n\nTest Case Details:\n------------------\nHeuristic: center_distance\nDepth limit: 2\nInitial Board State:\n     0   1   2   3   4   5   6   7   8\n0  |   |   |   |   |   |   |   |   |   | \n1  |   |   |   |   | 1 |   |   |   |   | \n2  |   |   | - |   | - |   | - |   |   | \n3  |   |   | - |   | - | - |   |   |   | \n4  |   | - | - | - | - |   |   |   |   | \n5  |   | 2 | - |   | - |   | - |   |   | \n6  |   |   | - |   | - |   | - |   |   | \n7  |   |   | - |   | - |   |   |   |   | \n8  |   |   |   |   |   |   |   |   |   | \n\ngame._board_state:\n[0, 0, 0, 0, 0, 0, 0, 0, 0, 0, 0, 0, 0, 1, 1, 0, 0, 0, 0, 0, 1, 1, 1, 1, 1, 1, 0, 0, 0, 0, 0, 1, 0, 0, 0, 0, 0, 1, 1, 1, 1, 1, 1, 1, 0, 0, 0, 0, 1, 0, 0, 0, 0, 0, 0, 0, 1, 0, 0, 1, 1, 0, 0, 0, 0, 0, 0, 0, 0, 0, 0, 0, 0, 0, 0, 0, 0, 0, 0, 0, 0, 0, 14, 37]\n\n\n\nFailed Test: 7. Test functionality of AlphaBetaPlayer.alphabeta()\n----------------------------------------------------------------------\nAssertionError: False is not true : Your AlphaBetaAgent.alphabeta function returned a move that was not the optimal move for the given heurisitc. Make sure that you choose the first branch with the max score at the top level; branches searched later that return the same max score may only be returning an upper bound.\nExpected Best Move:\n(3, 5)\nYour Selection: (4, 4)\n\nTest Case Details:\n------------------\nHeuristic: open_move_score\nDepth limit: 1\nInitial Board State:\n     0   1   2   3   4   5   6   7   8\n0  |   |   |   |   |   |   |   |   |   | \n1  |   |   |   |   |   |   |   |   |   | \n2  |   |   | - | 1 | - |   | - |   |   | \n3  | - |   | - | - | - |   | - | 2 |   | \n4  |   |   | - | - |   |   |   | - |   | \n5  |   |   | - | - | - |   |   |   | - | \n6  |   |   | - |   | - |   | - |   |   | \n7  |   |   |   |   |   |   |   |   |   | \n8  |   |   |   |   |   |   |   |   |   | \n\ngame._board_state:\n[0, 0, 0, 1, 0, 0, 0, 0, 0, 0, 0, 0, 0, 0, 0, 0, 0, 0, 0, 0, 1, 1, 1, 1, 1, 0, 0, 0, 0, 1, 1, 1, 1, 0, 0, 0, 0, 0, 1, 1, 0, 1, 1, 0, 0, 0, 0, 0, 0, 0, 0, 0, 0, 0, 0, 0, 1, 1, 0, 0, 1, 0, 0, 0, 0, 0, 1, 1, 0, 0, 0, 0, 0, 0, 0, 0, 0, 1, 0, 0, 0, 0, 66, 29]\n\n\n\n************************************************************************\n                          Test Result Summary                           \n************************************************************************\n\n1. Test output interface of MinimaxPlayer.minimax():                   .\n2. Test functionality of MinimaxPlayer.minimax():                      F\n3. Test that minimax() raises SearchTimeout when the timer expires:    .\n4. Test that MinimaxPlayer successfully plays a full game:             .\n5. Test interface of AlphaBetaPlayer.alphabeta():                      .\n6. Test the interface of AlphaBetaPlayer.get_move():                   .\n7. Test functionality of AlphaBetaPlayer.alphabeta():                  F\n8. Test that alphabeta() raises SearchTimeout when the timer expires:  .\n9. Test iterative deepening in AlphaBetaPlayer.get_move():             .\n10. Test that AlphaBetaPlayer successfully plays a full game:          .\n11. Test output interface of custom_score():                           .\n12. Test output interface of custom_score_2():                         .\n13. Test output interface of custom_score_3():                         .\n\n------------------------------------------------------------------------\n            . - Test Passed    F - Test Failed    E - Error             \n\n```"
                },
                "7303": {
                    "result": "failed",
                    "observation": "Not all of the tests passed.\n\n```\n************************************************************************\n                         Test Failure Feedback                          \n************************************************************************\n\nFailed Test: 14. Submission includes heuristic_analysis.pdf\n----------------------------------------------------------------------\nAssertionError: False is not true : You must submit a report named heuristic_analysis.pdf for review.\n\n\nFailed Test: 15. Submission includes research_review.pdf\n----------------------------------------------------------------------\nAssertionError: False is not true : You must submit a report named research_review.pdf for review.\n\n\n************************************************************************\n                          Test Result Summary                           \n************************************************************************\n\n14. Submission includes heuristic_analysis.pdf:                        F\n15. Submission includes research_review.pdf:                           F\n\n------------------------------------------------------------------------\n            . - Test Passed    F - Test Failed    E - Error             \n\n```"
                }
            }
        }
    }
}