{
    "critiques": {
        "680": {
            "rubric_items": {
                "5510": {
                    "result": "failed",
                    "observation": "Not all of the tests passed.\n\n```\n************************************************************************\n                         Test Failure Feedback                          \n************************************************************************\n\nFailed Test: 1. Test output interface of MinimaxPlayer.minimax()\n----------------------------------------------------------------------\nTraceback (most recent call last):\n  File \"/home/grader/isolation/workspace/game_agent.py\", line 299, in __init__\n    super(MinimaxPlayer, self).__init__(search_depth, score_fn, timeout)\n  File \"/home/grader/isolation/workspace/game_agent.py\", line 292, in __init__\n    self.time_left = isolation.time_left\nNameError: name 'isolation' is not defined\n\n\nFailed Test: 2. Test functionality of MinimaxPlayer.minimax()\n----------------------------------------------------------------------\nTraceback (most recent call last):\n  File \"/home/grader/isolation/workspace/game_agent.py\", line 299, in __init__\n    super(MinimaxPlayer, self).__init__(search_depth, score_fn, timeout)\n  File \"/home/grader/isolation/workspace/game_agent.py\", line 292, in __init__\n    self.time_left = isolation.time_left\nNameError: name 'isolation' is not defined\n\n\nFailed Test: 3. Test that minimax() raises SearchTimeout when the timer expires\n----------------------------------------------------------------------\nTraceback (most recent call last):\n  File \"/home/grader/isolation/workspace/game_agent.py\", line 299, in __init__\n    super(MinimaxPlayer, self).__init__(search_depth, score_fn, timeout)\n  File \"/home/grader/isolation/workspace/game_agent.py\", line 292, in __init__\n    self.time_left = isolation.time_left\nNameError: name 'isolation' is not defined\n\n\nFailed Test: 4. Test that MinimaxPlayer successfully plays a full game\n----------------------------------------------------------------------\nTraceback (most recent call last):\n  File \"/home/grader/isolation/workspace/game_agent.py\", line 299, in __init__\n    super(MinimaxPlayer, self).__init__(search_depth, score_fn, timeout)\n  File \"/home/grader/isolation/workspace/game_agent.py\", line 292, in __init__\n    self.time_left = isolation.time_left\nNameError: name 'isolation' is not defined\n\n\nFailed Test: 5. Test interface of AlphaBetaPlayer.alphabeta()\n----------------------------------------------------------------------\nTraceback (most recent call last):\n  File \"/home/grader/isolation/workspace/game_agent.py\", line 410, in __init__\n    super(AlphaBetaPlayer, self).__init__(search_depth, score_fn, timeout)\n  File \"/home/grader/isolation/workspace/game_agent.py\", line 292, in __init__\n    self.time_left = isolation.time_left\nNameError: name 'isolation' is not defined\n\n\nFailed Test: 6. Test the interface of AlphaBetaPlayer.get_move()\n----------------------------------------------------------------------\nTraceback (most recent call last):\n  File \"/home/grader/isolation/workspace/game_agent.py\", line 410, in __init__\n    super(AlphaBetaPlayer, self).__init__(search_depth, score_fn, timeout)\n  File \"/home/grader/isolation/workspace/game_agent.py\", line 292, in __init__\n    self.time_left = isolation.time_left\nNameError: name 'isolation' is not defined\n\n\nFailed Test: 7. Test functionality of AlphaBetaPlayer.alphabeta()\n----------------------------------------------------------------------\nTraceback (most recent call last):\n  File \"/home/grader/isolation/workspace/game_agent.py\", line 410, in __init__\n    super(AlphaBetaPlayer, self).__init__(search_depth, score_fn, timeout)\n  File \"/home/grader/isolation/workspace/game_agent.py\", line 292, in __init__\n    self.time_left = isolation.time_left\nNameError: name 'isolation' is not defined\n\n\nFailed Test: 8. Test that alphabeta() raises SearchTimeout when the timer expires\n----------------------------------------------------------------------\nTraceback (most recent call last):\n  File \"/home/grader/isolation/workspace/game_agent.py\", line 410, in __init__\n    super(AlphaBetaPlayer, self).__init__(search_depth, score_fn, timeout)\n  File \"/home/grader/isolation/workspace/game_agent.py\", line 292, in __init__\n    self.time_left = isolation.time_left\nNameError: name 'isolation' is not defined\n\n\nFailed Test: 9. Test iterative deepening in AlphaBetaPlayer.get_move()\n----------------------------------------------------------------------\nTraceback (most recent call last):\n  File \"/home/grader/isolation/workspace/game_agent.py\", line 410, in __init__\n    super(AlphaBetaPlayer, self).__init__(search_depth, score_fn, timeout)\n  File \"/home/grader/isolation/workspace/game_agent.py\", line 292, in __init__\n    self.time_left = isolation.time_left\nNameError: name 'isolation' is not defined\n\n\nFailed Test: 10. Test that AlphaBetaPlayer successfully plays a full game\n----------------------------------------------------------------------\nTraceback (most recent call last):\n  File \"/home/grader/isolation/workspace/game_agent.py\", line 410, in __init__\n    super(AlphaBetaPlayer, self).__init__(search_depth, score_fn, timeout)\n  File \"/home/grader/isolation/workspace/game_agent.py\", line 292, in __init__\n    self.time_left = isolation.time_left\nNameError: name 'isolation' is not defined\n\n\nFailed Test: 11. Test output interface of custom_score()\n----------------------------------------------------------------------\nTraceback (most recent call last):\n  File \"/home/grader/isolation/workspace/game_agent.py\", line 196, in custom_score\n    if player.time_left() < player.TIMER_THRESHOLD:\nAttributeError: 'str' object has no attribute 'time_left'\n\n\nFailed Test: 12. Test output interface of custom_score_2()\n----------------------------------------------------------------------\nTraceback (most recent call last):\n  File \"/home/grader/isolation/workspace/game_agent.py\", line 228, in custom_score_2\n    if player.time_left() < player.TIMER_THRESHOLD:\nAttributeError: 'str' object has no attribute 'time_left'\n\n\nFailed Test: 13. Test output interface of custom_score_3()\n----------------------------------------------------------------------\nTraceback (most recent call last):\n  File \"/home/grader/isolation/workspace/game_agent.py\", line 258, in custom_score_3\n    if player.time_left() < player.TIMER_THRESHOLD:\nAttributeError: 'str' object has no attribute 'time_left'\n\n\n************************************************************************\n                          Test Result Summary                           \n************************************************************************\n\n1. Test output interface of MinimaxPlayer.minimax():                   E\n2. Test functionality of MinimaxPlayer.minimax():                      E\n3. Test that minimax() raises SearchTimeout when the timer expires:    E\n4. Test that MinimaxPlayer successfully plays a full game:             E\n5. Test interface of AlphaBetaPlayer.alphabeta():                      E\n6. Test the interface of AlphaBetaPlayer.get_move():                   E\n7. Test functionality of AlphaBetaPlayer.alphabeta():                  E\n8. Test that alphabeta() raises SearchTimeout when the timer expires:  E\n9. Test iterative deepening in AlphaBetaPlayer.get_move():             E\n10. Test that AlphaBetaPlayer successfully plays a full game:          E\n11. Test output interface of custom_score():                           E\n12. Test output interface of custom_score_2():                         E\n13. Test output interface of custom_score_3():                         E\n\n------------------------------------------------------------------------\n            . - Test Passed    F - Test Failed    E - Error             \n\n```"
                },
                "7303": {
                    "result": "failed",
                    "observation": "Not all of the tests passed.\n\n```\n************************************************************************\n                         Test Failure Feedback                          \n************************************************************************\n\nFailed Test: 14. Submission includes heuristic_analysis.pdf\n----------------------------------------------------------------------\nAssertionError: False is not true : You must submit a report named heuristic_analysis.pdf for review.\n\n\nFailed Test: 15. Submission includes research_review.pdf\n----------------------------------------------------------------------\nAssertionError: False is not true : You must submit a report named research_review.pdf for review.\n\n\n************************************************************************\n                          Test Result Summary                           \n************************************************************************\n\n14. Submission includes heuristic_analysis.pdf:                        F\n15. Submission includes research_review.pdf:                           F\n\n------------------------------------------------------------------------\n            . - Test Passed    F - Test Failed    E - Error             \n\n```"
                }
            }
        }
    }
}