{
    "critiques": {
        "680": {
            "rubric_items": {
                "5510": {
                    "result": "failed",
                    "observation": "Not all of the tests passed.\n\n```\n************************************************************************\n                         Test Failure Feedback                          \n************************************************************************\n\nFailed Test: 1. Test output interface of MinimaxPlayer.minimax()\n----------------------------------------------------------------------\nTraceback (most recent call last):\nAttributeError: 'Board' object has no attribute 'time_left'\n\nDuring handling of the above exception, another exception occurred:\n\nAssertionError: The MinimaxPlayer object had no minimax() method.\n\n\nFailed Test: 2. Test functionality of MinimaxPlayer.minimax()\n----------------------------------------------------------------------\nTraceback (most recent call last):\n  File \"/home/grader/isolation/workspace/game_agent.py\", line 322, in minimax\n    return minimax_decision(self,game,depth,True)\n  File \"/home/grader/isolation/workspace/game_agent.py\", line 14, in minimax_decision\n    if game.time_left() < caller.TIMER_THRESHOLD:\nAttributeError: 'CounterBoard' object has no attribute 'time_left'\n\n\nFailed Test: 3. Test that minimax() raises SearchTimeout when the timer expires\n----------------------------------------------------------------------\nTraceback (most recent call last):\nAttributeError: 'Board' object has no attribute 'time_left'\n\nDuring handling of the above exception, another exception occurred:\n\nAssertionError: The MinimaxPlayer object had no minimax() method.\n\n\nFailed Test: 4. Test that MinimaxPlayer successfully plays a full game\n----------------------------------------------------------------------\nTraceback (most recent call last):\nAttributeError: 'Board' object has no attribute 'time_left'\n\nDuring handling of the above exception, another exception occurred:\n\nAssertionError: Your agent raised an error while attempting to play a complete game against another agent.  Make sure that your agent can play an entire game -- including selecting initial moves on an empty board.\nException: 'Board' object has no attribute 'time_left'\n\n\nFailed Test: 5. Test interface of AlphaBetaPlayer.alphabeta()\n----------------------------------------------------------------------\nAssertionError: 0.0 is not an instance of (<class 'tuple'>, <class 'list'>) : The alphabeta method should return a tuple containing board coordinates. Your method returned: <class 'float'>\n\n\nFailed Test: 7. Test functionality of AlphaBetaPlayer.alphabeta()\n----------------------------------------------------------------------\nAssertionError: Cut off search too early. (i.e., a correct implementation of alpha beta search did not prune at the same node as your agent when following the same node expansion order.) \nAlpha: -inf\nBeta: inf\nGame tree evaluation order:\n\n\nNodes are shown with each layer sorted in the order the nodes were expanded\nduring search.  All nodes in each successive layer are children of the\nfurthest-right node in the parent layer above it.\n\nTest Case Details:\n------------------\nHeuristic: improved_score\nDepth limit: 1\nInitial Board State:\n     0   1   2   3   4   5   6   7   8\n0  |   |   |   |   |   |   |   |   |   | \n1  |   |   |   |   |   |   |   |   |   | \n2  |   |   |   | - |   | 1 |   |   |   | \n3  |   |   | - |   |   | - |   |   |   | \n4  |   |   | - |   |   |   | - |   |   | \n5  |   |   |   | - |   |   | - |   |   | \n6  |   |   |   |   | 2 | - |   |   |   | \n7  |   |   |   |   |   |   |   |   |   | \n8  |   |   |   |   |   |   |   |   |   | \n\ngame._board_state:\n[0, 0, 0, 0, 0, 0, 0, 0, 0, 0, 0, 0, 0, 0, 0, 0, 0, 0, 0, 0, 0, 1, 1, 0, 0, 0, 0, 0, 0, 1, 0, 0, 1, 0, 0, 0, 0, 0, 0, 0, 0, 0, 1, 0, 0, 0, 0, 1, 1, 0, 0, 1, 0, 0, 0, 0, 0, 0, 1, 1, 0, 0, 0, 0, 0, 0, 0, 0, 0, 0, 0, 0, 0, 0, 0, 0, 0, 0, 0, 0, 0, 0, 42, 47]\n\n\n\nFailed Test: 9. Test iterative deepening in AlphaBetaPlayer.get_move()\n----------------------------------------------------------------------\nAssertionError: False is not true : Your agent did not call the search function self.alphabeta() the expected number of times.  Iterative deepening should call the search function with sequential values until SearchTimeout is raised. SearchTimeout was set to be raised after 24 moves, and your agent called the search function 1 times.\n\n\n************************************************************************\n                          Test Result Summary                           \n************************************************************************\n\n1. Test output interface of MinimaxPlayer.minimax():                   F\n2. Test functionality of MinimaxPlayer.minimax():                      E\n3. Test that minimax() raises SearchTimeout when the timer expires:    F\n4. Test that MinimaxPlayer successfully plays a full game:             F\n5. Test interface of AlphaBetaPlayer.alphabeta():                      F\n6. Test the interface of AlphaBetaPlayer.get_move():                   .\n7. Test functionality of AlphaBetaPlayer.alphabeta():                  F\n8. Test that alphabeta() raises SearchTimeout when the timer expires:  .\n9. Test iterative deepening in AlphaBetaPlayer.get_move():             F\n10. Test that AlphaBetaPlayer successfully plays a full game:          .\n11. Test output interface of custom_score():                           .\n12. Test output interface of custom_score_2():                         .\n13. Test output interface of custom_score_3():                         .\n\n------------------------------------------------------------------------\n            . - Test Passed    F - Test Failed    E - Error             \n\n```"
                },
                "7303": {
                    "result": "failed",
                    "observation": "Not all of the tests passed.\n\n```\n************************************************************************\n                         Test Failure Feedback                          \n************************************************************************\n\nFailed Test: 14. Submission includes heuristic_analysis.pdf\n----------------------------------------------------------------------\nAssertionError: False is not true : You must submit a report named heuristic_analysis.pdf for review.\n\n\nFailed Test: 15. Submission includes research_review.pdf\n----------------------------------------------------------------------\nAssertionError: False is not true : You must submit a report named research_review.pdf for review.\n\n\n************************************************************************\n                          Test Result Summary                           \n************************************************************************\n\n14. Submission includes heuristic_analysis.pdf:                        F\n15. Submission includes research_review.pdf:                           F\n\n------------------------------------------------------------------------\n            . - Test Passed    F - Test Failed    E - Error             \n\n```"
                }
            }
        }
    }
}