{
    "critiques": {
        "680": {
            "rubric_items": {
                "5510": {
                    "result": "failed",
                    "observation": "Not all of the tests passed.\n\n```\n************************************************************************\n                         Test Failure Feedback                          \n************************************************************************\n\nFailed Test: 1. Test output interface of MinimaxPlayer.minimax()\n----------------------------------------------------------------------\nTraceback (most recent call last):\n  File \"/home/grader/isolation/workspace/game_agent.py\", line 347, in minimax\n    return (minimax_decision(self,game,depth,True))\n  File \"/home/grader/isolation/workspace/game_agent.py\", line 34, in minimax_decision\n    result = minimax_decision(caller,game,depth - 1, False)\n\n                     ...lines elided for space...                     \n\n  File \"/home/grader/isolation/workspace/game_agent.py\", line 46, in minimax_decision\n    forecastedMoveTuple = minimax_decision(caller,game,depth - 1, True)\n  File \"/home/grader/isolation/workspace/game_agent.py\", line 34, in minimax_decision\n    result = minimax_decision(caller,game,depth - 1, False)\n  File \"/home/grader/isolation/workspace/game_agent.py\", line 46, in minimax_decision\n    forecastedMoveTuple = minimax_decision(caller,game,depth - 1, True)\n  File \"/home/grader/isolation/workspace/game_agent.py\", line 34, in minimax_decision\n    result = minimax_decision(caller,game,depth - 1, False)\n  File \"/home/grader/isolation/workspace/game_agent.py\", line 46, in minimax_decision\n    forecastedMoveTuple = minimax_decision(caller,game,depth - 1, True)\n  File \"/home/grader/isolation/workspace/game_agent.py\", line 34, in minimax_decision\n    result = minimax_decision(caller,game,depth - 1, False)\n  File \"/home/grader/isolation/workspace/game_agent.py\", line 46, in minimax_decision\n    forecastedMoveTuple = minimax_decision(caller,game,depth - 1, True)\n  File \"/home/grader/isolation/workspace/game_agent.py\", line 34, in minimax_decision\n    result = minimax_decision(caller,game,depth - 1, False)\n  File \"/home/grader/isolation/workspace/game_agent.py\", line 46, in minimax_decision\n    forecastedMoveTuple = minimax_decision(caller,game,depth - 1, True)\n  File \"/home/grader/isolation/workspace/game_agent.py\", line 34, in minimax_decision\n    result = minimax_decision(caller,game,depth - 1, False)\n  File \"/home/grader/isolation/workspace/game_agent.py\", line 46, in minimax_decision\n    forecastedMoveTuple = minimax_decision(caller,game,depth - 1, True)\n  File \"/home/grader/isolation/workspace/game_agent.py\", line 34, in minimax_decision\n    result = minimax_decision(caller,game,depth - 1, False)\n  File \"/home/grader/isolation/workspace/game_agent.py\", line 46, in minimax_decision\n    forecastedMoveTuple = minimax_decision(caller,game,depth - 1, True)\n  File \"/home/grader/isolation/workspace/game_agent.py\", line 35, in minimax_decision\n    bestSoFar = max(bestSoFar,forecastedMoveTuple[0])\nUnboundLocalError: local variable 'forecastedMoveTuple' referenced before assignment\n\n\nFailed Test: 2. Test functionality of MinimaxPlayer.minimax()\n----------------------------------------------------------------------\nTraceback (most recent call last):\n  File \"/home/grader/isolation/workspace/game_agent.py\", line 347, in minimax\n    return (minimax_decision(self,game,depth,True))\n  File \"/home/grader/isolation/workspace/game_agent.py\", line 35, in minimax_decision\n    bestSoFar = max(bestSoFar,forecastedMoveTuple[0])\nUnboundLocalError: local variable 'forecastedMoveTuple' referenced before assignment\n\n\nFailed Test: 3. Test that minimax() raises SearchTimeout when the timer expires\n----------------------------------------------------------------------\nTraceback (most recent call last):\n  File \"/home/grader/isolation/workspace/game_agent.py\", line 347, in minimax\n    return (minimax_decision(self,game,depth,True))\n  File \"/home/grader/isolation/workspace/game_agent.py\", line 35, in minimax_decision\n    bestSoFar = max(bestSoFar,forecastedMoveTuple[0])\nUnboundLocalError: local variable 'forecastedMoveTuple' referenced before assignment\n\n\nFailed Test: 4. Test that MinimaxPlayer successfully plays a full game\n----------------------------------------------------------------------\nTraceback (most recent call last):\nUnboundLocalError: local variable 'forecastedMoveTuple' referenced before assignment\n\nDuring handling of the above exception, another exception occurred:\n\nAssertionError: Your agent raised an error while attempting to play a complete game against another agent.  Make sure that your agent can play an entire game -- including selecting initial moves on an empty board.\nException: local variable 'forecastedMoveTuple' referenced before assignment\n\n\nFailed Test: 5. Test interface of AlphaBetaPlayer.alphabeta()\n----------------------------------------------------------------------\nTraceback (most recent call last):\n  File \"/home/grader/isolation/workspace/game_agent.py\", line 457, in alphabeta\n    result = alphabeta_decision(self,game,depth,True,alpha,beta)\n  File \"/home/grader/isolation/workspace/game_agent.py\", line 87, in alphabeta_decision\n    returnTuple = scoredMovesList[len(scoredMovesList) - 1]\nTypeError: object of type 'NoneType' has no len()\n\n\nFailed Test: 7. Test functionality of AlphaBetaPlayer.alphabeta()\n----------------------------------------------------------------------\nTraceback (most recent call last):\n  File \"/home/grader/isolation/workspace/game_agent.py\", line 457, in alphabeta\n    result = alphabeta_decision(self,game,depth,True,alpha,beta)\n  File \"/home/grader/isolation/workspace/game_agent.py\", line 87, in alphabeta_decision\n    returnTuple = scoredMovesList[len(scoredMovesList) - 1]\nTypeError: object of type 'NoneType' has no len()\n\n\nFailed Test: 8. Test that alphabeta() raises SearchTimeout when the timer expires\n----------------------------------------------------------------------\nTraceback (most recent call last):\n  File \"/home/grader/isolation/workspace/game_agent.py\", line 457, in alphabeta\n    result = alphabeta_decision(self,game,depth,True,alpha,beta)\n  File \"/home/grader/isolation/workspace/game_agent.py\", line 77, in alphabeta_decision\n    forecastedMoveTuple = alphabeta_decision(caller,game,depth - 1,False,alpha, beta)\n\n                     ...lines elided for space...                     \n\n  File \"/home/grader/isolation/workspace/game_agent.py\", line 77, in alphabeta_decision\n    forecastedMoveTuple = alphabeta_decision(caller,game,depth - 1,False,alpha, beta)\n  File \"/home/grader/isolation/workspace/game_agent.py\", line 95, in alphabeta_decision\n    forecastedMoveTuple = alphabeta_decision(caller,game,depth - 1,True,alpha, beta)\n  File \"/home/grader/isolation/workspace/game_agent.py\", line 77, in alphabeta_decision\n    forecastedMoveTuple = alphabeta_decision(caller,game,depth - 1,False,alpha, beta)\n  File \"/home/grader/isolation/workspace/game_agent.py\", line 95, in alphabeta_decision\n    forecastedMoveTuple = alphabeta_decision(caller,game,depth - 1,True,alpha, beta)\n  File \"/home/grader/isolation/workspace/game_agent.py\", line 77, in alphabeta_decision\n    forecastedMoveTuple = alphabeta_decision(caller,game,depth - 1,False,alpha, beta)\n  File \"/home/grader/isolation/workspace/game_agent.py\", line 95, in alphabeta_decision\n    forecastedMoveTuple = alphabeta_decision(caller,game,depth - 1,True,alpha, beta)\n  File \"/home/grader/isolation/workspace/game_agent.py\", line 77, in alphabeta_decision\n    forecastedMoveTuple = alphabeta_decision(caller,game,depth - 1,False,alpha, beta)\n  File \"/home/grader/isolation/workspace/game_agent.py\", line 95, in alphabeta_decision\n    forecastedMoveTuple = alphabeta_decision(caller,game,depth - 1,True,alpha, beta)\n  File \"/home/grader/isolation/workspace/game_agent.py\", line 77, in alphabeta_decision\n    forecastedMoveTuple = alphabeta_decision(caller,game,depth - 1,False,alpha, beta)\n  File \"/home/grader/isolation/workspace/game_agent.py\", line 95, in alphabeta_decision\n    forecastedMoveTuple = alphabeta_decision(caller,game,depth - 1,True,alpha, beta)\n  File \"/home/grader/isolation/workspace/game_agent.py\", line 77, in alphabeta_decision\n    forecastedMoveTuple = alphabeta_decision(caller,game,depth - 1,False,alpha, beta)\n  File \"/home/grader/isolation/workspace/game_agent.py\", line 95, in alphabeta_decision\n    forecastedMoveTuple = alphabeta_decision(caller,game,depth - 1,True,alpha, beta)\n  File \"/home/grader/isolation/workspace/game_agent.py\", line 77, in alphabeta_decision\n    forecastedMoveTuple = alphabeta_decision(caller,game,depth - 1,False,alpha, beta)\n  File \"/home/grader/isolation/workspace/game_agent.py\", line 106, in alphabeta_decision\n    returnTuple = scoredMovesList[0]\nTypeError: 'NoneType' object is not subscriptable\n\n\nFailed Test: 9. Test iterative deepening in AlphaBetaPlayer.get_move()\n----------------------------------------------------------------------\nAssertionError: False is not true : Your agent did not call the search function self.alphabeta() the expected number of times.  Iterative deepening should call the search function with sequential values until SearchTimeout is raised. SearchTimeout was set to be raised after 24 moves, and your agent called the search function 1 times.\n\n\nFailed Test: 10. Test that AlphaBetaPlayer successfully plays a full game\n----------------------------------------------------------------------\nTraceback (most recent call last):\nTypeError: object of type 'NoneType' has no len()\n\nDuring handling of the above exception, another exception occurred:\n\nAssertionError: Your agent raised an error while attempting to play a complete game against another agent.  Make sure that your agent can play an entire game -- including selecting initial moves on an empty board.\nException: object of type 'NoneType' has no len()\n\n\n************************************************************************\n                          Test Result Summary                           \n************************************************************************\n\n1. Test output interface of MinimaxPlayer.minimax():                   E\n2. Test functionality of MinimaxPlayer.minimax():                      E\n3. Test that minimax() raises SearchTimeout when the timer expires:    E\n4. Test that MinimaxPlayer successfully plays a full game:             F\n5. Test interface of AlphaBetaPlayer.alphabeta():                      E\n6. Test the interface of AlphaBetaPlayer.get_move():                   .\n7. Test functionality of AlphaBetaPlayer.alphabeta():                  E\n8. Test that alphabeta() raises SearchTimeout when the timer expires:  E\n9. Test iterative deepening in AlphaBetaPlayer.get_move():             F\n10. Test that AlphaBetaPlayer successfully plays a full game:          F\n11. Test output interface of custom_score():                           .\n12. Test output interface of custom_score_2():                         .\n13. Test output interface of custom_score_3():                         .\n\n------------------------------------------------------------------------\n            . - Test Passed    F - Test Failed    E - Error             \n\n```"
                },
                "7303": {
                    "result": "failed",
                    "observation": "Not all of the tests passed.\n\n```\n************************************************************************\n                         Test Failure Feedback                          \n************************************************************************\n\nFailed Test: 14. Submission includes heuristic_analysis.pdf\n----------------------------------------------------------------------\nAssertionError: False is not true : You must submit a report named heuristic_analysis.pdf for review.\n\n\nFailed Test: 15. Submission includes research_review.pdf\n----------------------------------------------------------------------\nAssertionError: False is not true : You must submit a report named research_review.pdf for review.\n\n\n************************************************************************\n                          Test Result Summary                           \n************************************************************************\n\n14. Submission includes heuristic_analysis.pdf:                        F\n15. Submission includes research_review.pdf:                           F\n\n------------------------------------------------------------------------\n            . - Test Passed    F - Test Failed    E - Error             \n\n```"
                }
            }
        }
    }
}